D:\DROPBOXSYNC\DROPBOX\DAMON\PROGRAMMING\C++ PROJECTS\DONGEXPANSION\DONGEXPANSION\DEBUG\DONGEXPANSION.EXE
D:\DROPBOXSYNC\DROPBOX\DAMON\PROGRAMMING\C++ PROJECTS\DONGEXPANSION\DONGEXPANSION\DEBUG\DONGEXPANSION.ILK
D:\DROPBOXSYNC\DROPBOX\DAMON\PROGRAMMING\C++ PROJECTS\DONGEXPANSION\DONGEXPANSION\DEBUG\DONGEXPANSION.PDB
D:\DROPBOXSYNC\DROPBOX\DAMON\PROGRAMMING\C++ PROJECTS\DONGEXPANSION\DONGEXPANSION\DONGEXPANSION\DEBUG\BACKGROUND.OBJ
D:\DROPBOXSYNC\DROPBOX\DAMON\PROGRAMMING\C++ PROJECTS\DONGEXPANSION\DONGEXPANSION\DONGEXPANSION\DEBUG\BALL.OBJ
D:\DROPBOXSYNC\DROPBOX\DAMON\PROGRAMMING\C++ PROJECTS\DONGEXPANSION\DONGEXPANSION\DONGEXPANSION\DEBUG\BORDER.OBJ
D:\DROPBOXSYNC\DROPBOX\DAMON\PROGRAMMING\C++ PROJECTS\DONGEXPANSION\DONGEXPANSION\DONGEXPANSION\DEBUG\DONGEXPANSION.EXE.EMBED.MANIFEST.RES
D:\DROPBOXSYNC\DROPBOX\DAMON\PROGRAMMING\C++ PROJECTS\DONGEXPANSION\DONGEXPANSION\DONGEXPANSION\DEBUG\DONGEXPANSION.EXE.INTERMEDIATE.MANIFEST
D:\DROPBOXSYNC\DROPBOX\DAMON\PROGRAMMING\C++ PROJECTS\DONGEXPANSION\DONGEXPANSION\DONGEXPANSION\DEBUG\DONGEXPANSION.PCH
D:\DROPBOXSYNC\DROPBOX\DAMON\PROGRAMMING\C++ PROJECTS\DONGEXPANSION\DONGEXPANSION\DONGEXPANSION\DEBUG\DONGEXPANSION.RES
D:\DROPBOXSYNC\DROPBOX\DAMON\PROGRAMMING\C++ PROJECTS\DONGEXPANSION\DONGEXPANSION\DONGEXPANSION\DEBUG\MAIN.OBJ
D:\DROPBOXSYNC\DROPBOX\DAMON\PROGRAMMING\C++ PROJECTS\DONGEXPANSION\DONGEXPANSION\DONGEXPANSION\DEBUG\MAINOBJECT.OBJ
D:\DROPBOXSYNC\DROPBOX\DAMON\PROGRAMMING\C++ PROJECTS\DONGEXPANSION\DONGEXPANSION\DONGEXPANSION\DEBUG\PADDLE.OBJ
D:\DROPBOXSYNC\DROPBOX\DAMON\PROGRAMMING\C++ PROJECTS\DONGEXPANSION\DONGEXPANSION\DONGEXPANSION\DEBUG\SCOREITEM.OBJ
D:\DROPBOXSYNC\DROPBOX\DAMON\PROGRAMMING\C++ PROJECTS\DONGEXPANSION\DONGEXPANSION\DONGEXPANSION\DEBUG\STDAFX.OBJ
D:\DROPBOXSYNC\DROPBOX\DAMON\PROGRAMMING\C++ PROJECTS\DONGEXPANSION\DONGEXPANSION\DONGEXPANSION\DEBUG\TITLESCREEN.OBJ
D:\DROPBOXSYNC\DROPBOX\DAMON\PROGRAMMING\C++ PROJECTS\DONGEXPANSION\DONGEXPANSION\DONGEXPANSION\DEBUG\VC100.PDB
D:\UP689459\DONGEXPANSION\DONGEXPANSION\DEBUG\DONGEXPANSION.EXE
D:\UP689459\DONGEXPANSION\DONGEXPANSION\DEBUG\DONGEXPANSION.ILK
D:\UP689459\DONGEXPANSION\DONGEXPANSION\DEBUG\DONGEXPANSION.PDB
D:\UP689459\DONGEXPANSION\DONGEXPANSION\DONGEXPANSION\DEBUG\BACKGROUND.OBJ
D:\UP689459\DONGEXPANSION\DONGEXPANSION\DONGEXPANSION\DEBUG\BALL.OBJ
D:\UP689459\DONGEXPANSION\DONGEXPANSION\DONGEXPANSION\DEBUG\BORDER.OBJ
D:\up689459\Dongexpansion\Dongexpansion\Dongexpansion\Debug\cl.command.1.tlog
D:\up689459\Dongexpansion\Dongexpansion\Dongexpansion\Debug\CL.read.1.tlog
D:\up689459\Dongexpansion\Dongexpansion\Dongexpansion\Debug\CL.write.1.tlog
D:\UP689459\DONGEXPANSION\DONGEXPANSION\DONGEXPANSION\DEBUG\DONGEXPANSION.EXE.EMBED.MANIFEST
D:\UP689459\DONGEXPANSION\DONGEXPANSION\DONGEXPANSION\DEBUG\DONGEXPANSION.EXE.EMBED.MANIFEST.RES
D:\UP689459\DONGEXPANSION\DONGEXPANSION\DONGEXPANSION\DEBUG\DONGEXPANSION.EXE.INTERMEDIATE.MANIFEST
D:\UP689459\DONGEXPANSION\DONGEXPANSION\DONGEXPANSION\DEBUG\DONGEXPANSION.PCH
D:\UP689459\DONGEXPANSION\DONGEXPANSION\DONGEXPANSION\DEBUG\DONGEXPANSION.RES
D:\up689459\Dongexpansion\Dongexpansion\Dongexpansion\Debug\Dongexpansion.vcxprojResolveAssemblyReference.cache
D:\up689459\Dongexpansion\Dongexpansion\Dongexpansion\Debug\Dongexpansion.write.1.tlog
D:\up689459\Dongexpansion\Dongexpansion\Dongexpansion\Debug\Dongexpansion_manifest.rc
D:\up689459\Dongexpansion\Dongexpansion\Dongexpansion\Debug\link.1264.read.1.tlog
D:\up689459\Dongexpansion\Dongexpansion\Dongexpansion\Debug\link.1264.write.1.tlog
D:\up689459\Dongexpansion\Dongexpansion\Dongexpansion\Debug\link.1264-cvtres.read.1.tlog
D:\up689459\Dongexpansion\Dongexpansion\Dongexpansion\Debug\link.1264-cvtres.write.1.tlog
D:\up689459\Dongexpansion\Dongexpansion\Dongexpansion\Debug\link.4300.read.1.tlog
D:\up689459\Dongexpansion\Dongexpansion\Dongexpansion\Debug\link.4300.write.1.tlog
D:\up689459\Dongexpansion\Dongexpansion\Dongexpansion\Debug\link.4300-cvtres.read.1.tlog
D:\up689459\Dongexpansion\Dongexpansion\Dongexpansion\Debug\link.4300-cvtres.write.1.tlog
D:\up689459\Dongexpansion\Dongexpansion\Dongexpansion\Debug\link.command.1.tlog
D:\up689459\Dongexpansion\Dongexpansion\Dongexpansion\Debug\link.read.1.tlog
D:\up689459\Dongexpansion\Dongexpansion\Dongexpansion\Debug\link.write.1.tlog
D:\up689459\Dongexpansion\Dongexpansion\Dongexpansion\Debug\link-cvtres.read.1.tlog
D:\up689459\Dongexpansion\Dongexpansion\Dongexpansion\Debug\link-cvtres.write.1.tlog
D:\UP689459\DONGEXPANSION\DONGEXPANSION\DONGEXPANSION\DEBUG\MAIN.OBJ
D:\UP689459\DONGEXPANSION\DONGEXPANSION\DONGEXPANSION\DEBUG\MAINOBJECT.OBJ
D:\up689459\Dongexpansion\Dongexpansion\Dongexpansion\Debug\mt.command.1.tlog
D:\up689459\Dongexpansion\Dongexpansion\Dongexpansion\Debug\mt.read.1.tlog
D:\up689459\Dongexpansion\Dongexpansion\Dongexpansion\Debug\mt.write.1.tlog
D:\UP689459\DONGEXPANSION\DONGEXPANSION\DONGEXPANSION\DEBUG\PADDLE.OBJ
D:\up689459\Dongexpansion\Dongexpansion\Dongexpansion\Debug\rc.command.1.tlog
D:\up689459\Dongexpansion\Dongexpansion\Dongexpansion\Debug\rc.read.1.tlog
D:\up689459\Dongexpansion\Dongexpansion\Dongexpansion\Debug\rc.write.1.tlog
D:\UP689459\DONGEXPANSION\DONGEXPANSION\DONGEXPANSION\DEBUG\SCOREITEM.OBJ
D:\UP689459\DONGEXPANSION\DONGEXPANSION\DONGEXPANSION\DEBUG\STDAFX.OBJ
D:\UP689459\DONGEXPANSION\DONGEXPANSION\DONGEXPANSION\DEBUG\TITLESCREEN.OBJ
D:\up689459\Dongexpansion\Dongexpansion\Dongexpansion\Debug\vc100.idb
D:\UP689459\DONGEXPANSION\DONGEXPANSION\DONGEXPANSION\DEBUG\VC100.PDB
