Build started 19-Oct-15 11:01:46 PM.
     1>Project "D:\Dropboxsync\Dropbox\Damon\Programming\C++ projects\Dongexpansion\Dongexpansion\Dongexpansion\Dongexpansion.vcxproj" on node 2 (build target(s)).
     1>InitializeBuildStatus:
         Touching "Debug\Dongexpansion.unsuccessfulbuild".
       ClCompile:
         All outputs are up-to-date.
         C:\Program Files (x86)\Microsoft Visual Studio 10.0\VC\bin\CL.exe /c /I"C:\Program Files (x86)\Microsoft DirectX SDK (June 2010)\Include" /ZI /nologo /W3 /WX- /Od /Oy- /D WIN32 /D _DEBUG /D _WINDOWS /D _UNICODE /D UNICODE /Gm /EHsc /RTC1 /MDd /GS /fp:precise /Zc:wchar_t /Zc:forScope /Yu"StdAfx.h" /Fp"Debug\Dongexpansion.pch" /Fo"Debug\\" /Fd"Debug\vc100.pdb" /Gd /TP /analyze- /errorReport:prompt Main.cpp MainObject.cpp background.cpp ball.cpp border.cpp gameinfo.cpp paddle.cpp scoreitem.cpp titlescreen.cpp
         titlescreen.cpp
         c:\program files (x86)\microsoft directx sdk (june 2010)\include\dinput.h: DIRECTINPUT_VERSION undefined. Defaulting to version 0x0800
     1>d:\dropboxsync\dropbox\damon\programming\c++ projects\dongexpansion\dongexpansion\dongexpansion\titlescreen.cpp(16): warning C4305: 'argument' : truncation from 'double' to 'float'
         scoreitem.cpp
         c:\program files (x86)\microsoft directx sdk (june 2010)\include\dinput.h: DIRECTINPUT_VERSION undefined. Defaulting to version 0x0800
         paddle.cpp
         c:\program files (x86)\microsoft directx sdk (june 2010)\include\dinput.h: DIRECTINPUT_VERSION undefined. Defaulting to version 0x0800
         gameinfo.cpp
         c:\program files (x86)\microsoft directx sdk (june 2010)\include\dinput.h: DIRECTINPUT_VERSION undefined. Defaulting to version 0x0800
         border.cpp
         c:\program files (x86)\microsoft directx sdk (june 2010)\include\dinput.h: DIRECTINPUT_VERSION undefined. Defaulting to version 0x0800
     1>d:\dropboxsync\dropbox\damon\programming\c++ projects\dongexpansion\dongexpansion\dongexpansion\border.cpp(42): warning C4244: 'argument' : conversion from 'int' to 'float', possible loss of data
     1>d:\dropboxsync\dropbox\damon\programming\c++ projects\dongexpansion\dongexpansion\dongexpansion\border.cpp(44): warning C4244: 'argument' : conversion from 'int' to 'float', possible loss of data
     1>d:\dropboxsync\dropbox\damon\programming\c++ projects\dongexpansion\dongexpansion\dongexpansion\border.cpp(46): warning C4244: 'argument' : conversion from 'int' to 'float', possible loss of data
     1>d:\dropboxsync\dropbox\damon\programming\c++ projects\dongexpansion\dongexpansion\dongexpansion\border.cpp(58): warning C4244: '+=' : conversion from 'double' to 'float', possible loss of data
         ball.cpp
         c:\program files (x86)\microsoft directx sdk (june 2010)\include\dinput.h: DIRECTINPUT_VERSION undefined. Defaulting to version 0x0800
     1>d:\dropboxsync\dropbox\damon\programming\c++ projects\dongexpansion\dongexpansion\dongexpansion\ball.cpp(15): warning C4244: 'argument' : conversion from 'int' to 'float', possible loss of data
         background.cpp
         c:\program files (x86)\microsoft directx sdk (june 2010)\include\dinput.h: DIRECTINPUT_VERSION undefined. Defaulting to version 0x0800
         MainObject.cpp
         c:\program files (x86)\microsoft directx sdk (june 2010)\include\dinput.h: DIRECTINPUT_VERSION undefined. Defaulting to version 0x0800
         Main.cpp
         c:\program files (x86)\microsoft directx sdk (june 2010)\include\dinput.h: DIRECTINPUT_VERSION undefined. Defaulting to version 0x0800
     1>d:\dropboxsync\dropbox\damon\programming\c++ projects\dongexpansion\dongexpansion\dongexpansion\main.cpp(562): warning C4018: '<' : signed/unsigned mismatch
         Generating Code...
       ResourceCompile:
         All outputs are up-to-date.
       ManifestResourceCompile:
         All outputs are up-to-date.
       Link:
         C:\Program Files (x86)\Microsoft Visual Studio 10.0\VC\bin\link.exe /ERRORREPORT:PROMPT /OUT:"D:\Dropboxsync\Dropbox\Damon\Programming\C++ projects\Dongexpansion\Dongexpansion\Debug\Dongexpansion.exe" /INCREMENTAL /NOLOGO /LIBPATH:"C:\Program Files (x86)\Microsoft DirectX SDK (June 2010)\Lib\x86" kernel32.lib user32.lib gdi32.lib winspool.lib comdlg32.lib advapi32.lib shell32.lib ole32.lib oleaut32.lib uuid.lib odbc32.lib odbccp32.lib /MANIFEST /ManifestFile:"Debug\Dongexpansion.exe.intermediate.manifest" /MANIFESTUAC:"level='asInvoker' uiAccess='false'" /DEBUG /PDB:"D:\Dropboxsync\Dropbox\Damon\Programming\C++ projects\Dongexpansion\Dongexpansion\Debug\Dongexpansion.pdb" /SUBSYSTEM:WINDOWS /TLBID:1 /DYNAMICBASE /NXCOMPAT /IMPLIB:"D:\Dropboxsync\Dropbox\Damon\Programming\C++ projects\Dongexpansion\Dongexpansion\Debug\Dongexpansion.lib" /MACHINE:X86 Debug\Dongexpansion.res
         Debug\Dongexpansion.exe.embed.manifest.res
         Debug\background.obj
         Debug\ball.obj
         Debug\border.obj
         Debug\gameinfo.obj
         Debug\Main.obj
         Debug\MainObject.obj
         Debug\paddle.obj
         Debug\scoreitem.obj
         Debug\stdafx.obj
         Debug\titlescreen.obj
       Manifest:
         C:\Program Files (x86)\Microsoft SDKs\Windows\v7.0A\bin\mt.exe /nologo /verbose /out:"Debug\Dongexpansion.exe.embed.manifest" /manifest Debug\Dongexpansion.exe.intermediate.manifest
         All outputs are up-to-date.
       LinkEmbedManifest:
         All outputs are up-to-date.
         Dongexpansion.vcxproj -> D:\Dropboxsync\Dropbox\Damon\Programming\C++ projects\Dongexpansion\Dongexpansion\Debug\Dongexpansion.exe
       FinalizeBuildStatus:
         Deleting file "Debug\Dongexpansion.unsuccessfulbuild".
         Touching "Debug\Dongexpansion.lastbuildstate".
     1>Done Building Project "D:\Dropboxsync\Dropbox\Damon\Programming\C++ projects\Dongexpansion\Dongexpansion\Dongexpansion\Dongexpansion.vcxproj" (build target(s)).

Build succeeded.

Time Elapsed 00:00:07.97
